<?xml version="1.0" encoding="UTF-8"?>
<!-- Generated by org.testng.reporters.JUnitReportReporter -->
<testsuite hostname="DESKTOP-481BMBU" failures="0" tests="5" name="test.java.CustomerTests" time="7.205" errors="0" timestamp="2022-01-07T09:03:07 CST" skipped="0">
  <testcase classname="test.java.CustomerTests" name="navBar" time="2.220"/>
  <system-out/>
  <testcase classname="test.java.CustomerTests" name="depositSection" time="0.955"/>
  <system-out/>
  <testcase classname="test.java.CustomerTests" name="transactionSection" time="1.384"/>
  <system-out/>
  <testcase classname="test.java.CustomerTests" name="withdrawalSection" time="2.048"/>
  <system-out/>
  <testcase classname="test.java.CustomerTests" name="customerLogin" time="0.598"/>
  <system-out/>
</testsuite> <!-- test.java.CustomerTests -->
