<?xml version="1.0" encoding="UTF-8"?>
<!-- Generated by org.testng.reporters.JUnitReportReporter -->
<testsuite hostname="DESKTOP-B53MUCF" failures="0" tests="4" name="test.java.BankManagerTests" time="5.708" errors="0" timestamp="2021-12-30T06:51:37 CST" skipped="0">
  <testcase classname="test.java.BankManagerTests" name="searchSection" time="1.646"/>
  <system-out/>
  <testcase classname="test.java.BankManagerTests" name="openAccounts" time="1.055"/>
  <system-out/>
  <testcase classname="test.java.BankManagerTests" name="login" time="1.987"/>
  <system-out/>
  <testcase classname="test.java.BankManagerTests" name="addCustomer" time="1.020"/>
  <system-out/>
</testsuite> <!-- test.java.BankManagerTests -->
