<?xml version="1.0" encoding="UTF-8"?>
<!-- Generated by org.testng.reporters.JUnitReportReporter -->
<testsuite hostname="DESKTOP-B53MUCF" failures="0" tests="5" name="test.java.CustomerTests" time="7.389" errors="0" timestamp="2021-12-30T06:51:37 CST" skipped="0">
  <testcase classname="test.java.CustomerTests" name="navBar" time="2.908"/>
  <system-out/>
  <testcase classname="test.java.CustomerTests" name="depositSection" time="0.819"/>
  <system-out/>
  <testcase classname="test.java.CustomerTests" name="transactionSection" time="1.524"/>
  <system-out/>
  <testcase classname="test.java.CustomerTests" name="withdrawalSection" time="1.848"/>
  <system-out/>
  <testcase classname="test.java.CustomerTests" name="customerLogin" time="0.290"/>
  <system-out/>
</testsuite> <!-- test.java.CustomerTests -->
