<?xml version="1.0" encoding="UTF-8"?>
<!-- Generated by org.testng.reporters.JUnitReportReporter -->
<testsuite hostname="DESKTOP-481BMBU" failures="0" tests="4" name="test.java.BankManagerTests" time="8.042" errors="0" timestamp="2022-01-07T09:03:07 CST" skipped="0">
  <testcase classname="test.java.BankManagerTests" name="searchSection" time="2.061"/>
  <system-out/>
  <testcase classname="test.java.BankManagerTests" name="login" time="2.524"/>
  <system-out/>
  <testcase classname="test.java.BankManagerTests" name="openAccounts" time="1.765"/>
  <system-out/>
  <testcase classname="test.java.BankManagerTests" name="addCustomer" time="1.692"/>
  <system-out/>
</testsuite> <!-- test.java.BankManagerTests -->
